2025-05-06 15:45:28.637795: I tensorflow/core/util/port.cc:153] oneDNN custom operations are on. You may see slightly different numerical results due to floating-point round-off errors from different computation orders. To turn them off, set the environment variable `TF_ENABLE_ONEDNN_OPTS=0`.
2025-05-06 15:45:28.646537: E external/local_xla/xla/stream_executor/cuda/cuda_fft.cc:477] Unable to register cuFFT factory: Attempting to register factory for plugin cuFFT when one has already been registered
WARNING: All log messages before absl::InitializeLog() is called are written to STDERR
E0000 00:00:1746539128.657206 1907509 cuda_dnn.cc:8310] Unable to register cuDNN factory: Attempting to register factory for plugin cuDNN when one has already been registered
E0000 00:00:1746539128.660441 1907509 cuda_blas.cc:1418] Unable to register cuBLAS factory: Attempting to register factory for plugin cuBLAS when one has already been registered
2025-05-06 15:45:28.670763: I tensorflow/core/platform/cpu_feature_guard.cc:210] This TensorFlow binary is optimized to use available CPU instructions in performance-critical operations.
To enable the following instructions: AVX2 AVX512F AVX512_VNNI FMA, in other operations, rebuild TensorFlow with the appropriate compiler flags.
2025-05-06 15:45:29.848311: E external/local_xla/xla/stream_executor/cuda/cuda_driver.cc:152] failed call to cuInit: INTERNAL: CUDA error: Failed call to cuInit: UNKNOWN ERROR (303)
Loading Stroke
Client 0: KL Divergence: -0.0087 | Wasserstein Distance: 0.0000 | Samples 204
Client 1: KL Divergence: 0.0001 | Wasserstein Distance: 0.0000 | Samples 204
Client 2: KL Divergence: 0.0052 | Wasserstein Distance: 0.0000 | Samples 204
Client 3: KL Divergence: -0.0046 | Wasserstein Distance: 0.0000 | Samples 204
Client 4: KL Divergence: 0.0108 | Wasserstein Distance: 0.0000 | Samples 204
Saved valid data
Splitting Feature imbalance
Even split wrt the samples

Mid_point0 : 15.04
Client 0: KL Divergence: -0.0326 | Wasserstein Distance: 0.0000 | Samples 1271
Mid_point1 : 40.00
Client 1: KL Divergence: -0.1314 | Wasserstein Distance: 0.0000 | Samples 1230
Mid_point2 : 55.50
Client 2: KL Divergence: 0.0891 | Wasserstein Distance: 0.0000 | Samples 1248
Mid_point3 : 67.93
Client 3: KL Divergence: 0.2623 | Wasserstein Distance: 0.0000 | Samples 1226
Mid_point4 : 78.43
Client 4: KL Divergence: 0.4929 | Wasserstein Distance: 0.0000 | Samples 1244
Saved train data
